[debug] [2025-06-02T01:27:48.161Z] ----------------------------------------------------------------------
[debug] [2025-06-02T01:27:48.167Z] Command:       /usr/bin/node /usr/local/bin/firebase deploy --only functions
[debug] [2025-06-02T01:27:48.167Z] CLI Version:   14.5.1
[debug] [2025-06-02T01:27:48.167Z] Platform:      linux
[debug] [2025-06-02T01:27:48.167Z] Node Version:  v20.19.0
[debug] [2025-06-02T01:27:48.168Z] Time:          Mon Jun 02 2025 02:27:48 GMT+0100 (GMT+01:00)
[debug] [2025-06-02T01:27:48.168Z] ----------------------------------------------------------------------
[debug] 
[debug] [2025-06-02T01:27:48.324Z] Field "/functions" in "firebase.json" is possibly invalid: must be object
[debug] [2025-06-02T01:27:48.324Z] Object "/functions/0" in "firebase.json" has unknown property: {"additionalProperty":"gen"}
[debug] [2025-06-02T01:27:48.324Z] Field "/functions" in "firebase.json" is possibly invalid: must match a schema in anyOf
[debug] [2025-06-02T01:27:48.327Z] > command requires scopes: ["email","openid","https://www.googleapis.com/auth/cloudplatformprojects.readonly","https://www.googleapis.com/auth/firebase","https://www.googleapis.com/auth/cloud-platform"]
[debug] [2025-06-02T01:27:48.327Z] > authorizing via signed-in user (youssefmahni11@gmail.com)
[debug] [2025-06-02T01:27:48.327Z] [iam] checking project playstore-e4a65 for permissions ["cloudfunctions.functions.create","cloudfunctions.functions.delete","cloudfunctions.functions.get","cloudfunctions.functions.list","cloudfunctions.functions.update","cloudfunctions.operations.get","firebase.projects.get"]
[debug] [2025-06-02T01:27:48.328Z] Checked if tokens are valid: true, expires at: 1748829350587
[debug] [2025-06-02T01:27:48.328Z] Checked if tokens are valid: true, expires at: 1748829350587
[debug] [2025-06-02T01:27:48.329Z] >>> [apiv2][query] POST https://cloudresourcemanager.googleapis.com/v1/projects/playstore-e4a65:testIamPermissions [none]
[debug] [2025-06-02T01:27:48.329Z] >>> [apiv2][(partial)header] POST https://cloudresourcemanager.googleapis.com/v1/projects/playstore-e4a65:testIamPermissions x-goog-quota-user=projects/playstore-e4a65
[debug] [2025-06-02T01:27:48.329Z] >>> [apiv2][body] POST https://cloudresourcemanager.googleapis.com/v1/projects/playstore-e4a65:testIamPermissions {"permissions":["cloudfunctions.functions.create","cloudfunctions.functions.delete","cloudfunctions.functions.get","cloudfunctions.functions.list","cloudfunctions.functions.update","cloudfunctions.operations.get","firebase.projects.get"]}
[debug] [2025-06-02T01:27:49.093Z] <<< [apiv2][status] POST https://cloudresourcemanager.googleapis.com/v1/projects/playstore-e4a65:testIamPermissions 200
[debug] [2025-06-02T01:27:49.093Z] <<< [apiv2][body] POST https://cloudresourcemanager.googleapis.com/v1/projects/playstore-e4a65:testIamPermissions {"permissions":["cloudfunctions.functions.create","cloudfunctions.functions.delete","cloudfunctions.functions.get","cloudfunctions.functions.list","cloudfunctions.functions.update","cloudfunctions.operations.get","firebase.projects.get"]}
[debug] [2025-06-02T01:27:49.094Z] Checked if tokens are valid: true, expires at: 1748829350587
[debug] [2025-06-02T01:27:49.094Z] Checked if tokens are valid: true, expires at: 1748829350587
[debug] [2025-06-02T01:27:49.094Z] >>> [apiv2][query] POST https://iam.googleapis.com/v1/projects/playstore-e4a65/serviceAccounts/playstore-e4a65@appspot.gserviceaccount.com:testIamPermissions [none]
[debug] [2025-06-02T01:27:49.094Z] >>> [apiv2][body] POST https://iam.googleapis.com/v1/projects/playstore-e4a65/serviceAccounts/playstore-e4a65@appspot.gserviceaccount.com:testIamPermissions {"permissions":["iam.serviceAccounts.actAs"]}
[debug] [2025-06-02T01:27:49.903Z] <<< [apiv2][status] POST https://iam.googleapis.com/v1/projects/playstore-e4a65/serviceAccounts/playstore-e4a65@appspot.gserviceaccount.com:testIamPermissions 200
[debug] [2025-06-02T01:27:49.904Z] <<< [apiv2][body] POST https://iam.googleapis.com/v1/projects/playstore-e4a65/serviceAccounts/playstore-e4a65@appspot.gserviceaccount.com:testIamPermissions {"permissions":["iam.serviceAccounts.actAs"]}
[info] 
[info] === Deploying to 'playstore-e4a65'...
[info] 
[info] i  deploying functions 
[debug] [2025-06-02T01:27:49.912Z] Checked if tokens are valid: true, expires at: 1748829350587
[debug] [2025-06-02T01:27:49.912Z] Checked if tokens are valid: true, expires at: 1748829350587
[debug] [2025-06-02T01:27:49.912Z] >>> [apiv2][query] GET https://serviceusage.googleapis.com/v1/projects/playstore-e4a65/services/cloudresourcemanager.googleapis.com [none]
[debug] [2025-06-02T01:27:49.912Z] >>> [apiv2][(partial)header] GET https://serviceusage.googleapis.com/v1/projects/playstore-e4a65/services/cloudresourcemanager.googleapis.com x-goog-quota-user=projects/playstore-e4a65
[debug] [2025-06-02T01:27:50.814Z] <<< [apiv2][status] GET https://serviceusage.googleapis.com/v1/projects/playstore-e4a65/services/cloudresourcemanager.googleapis.com 200
[debug] [2025-06-02T01:27:50.814Z] <<< [apiv2][body] GET https://serviceusage.googleapis.com/v1/projects/playstore-e4a65/services/cloudresourcemanager.googleapis.com [omitted]
[debug] [2025-06-02T01:27:50.815Z] Checked if tokens are valid: true, expires at: 1748829350587
[debug] [2025-06-02T01:27:50.815Z] Checked if tokens are valid: true, expires at: 1748829350587
[debug] [2025-06-02T01:27:50.815Z] >>> [apiv2][query] GET https://cloudresourcemanager.googleapis.com/v1/projects/playstore-e4a65 [none]
[debug] [2025-06-02T01:27:51.013Z] <<< [apiv2][status] GET https://cloudresourcemanager.googleapis.com/v1/projects/playstore-e4a65 200
[debug] [2025-06-02T01:27:51.014Z] <<< [apiv2][body] GET https://cloudresourcemanager.googleapis.com/v1/projects/playstore-e4a65 {"projectNumber":"471980103586","projectId":"playstore-e4a65","lifecycleState":"ACTIVE","name":"playstore","labels":{"firebase":"enabled","firebase-core":"disabled"},"createTime":"2025-05-31T11:09:56.273787Z"}
[info] i  functions: preparing codebase default for deployment 
[info] i  functions: ensuring required API cloudfunctions.googleapis.com is enabled... 
[debug] [2025-06-02T01:27:51.015Z] Checked if tokens are valid: true, expires at: 1748829350587
[debug] [2025-06-02T01:27:51.015Z] Checked if tokens are valid: true, expires at: 1748829350587
[debug] [2025-06-02T01:27:51.016Z] Checked if tokens are valid: true, expires at: 1748829350587
[debug] [2025-06-02T01:27:51.016Z] Checked if tokens are valid: true, expires at: 1748829350587
[info] i  functions: ensuring required API cloudbuild.googleapis.com is enabled... 
[debug] [2025-06-02T01:27:51.016Z] Checked if tokens are valid: true, expires at: 1748829350587
[debug] [2025-06-02T01:27:51.016Z] Checked if tokens are valid: true, expires at: 1748829350587
[info] i  artifactregistry: ensuring required API artifactregistry.googleapis.com is enabled... 
[debug] [2025-06-02T01:27:51.017Z] Checked if tokens are valid: true, expires at: 1748829350587
[debug] [2025-06-02T01:27:51.017Z] Checked if tokens are valid: true, expires at: 1748829350587
[debug] [2025-06-02T01:27:51.017Z] >>> [apiv2][query] GET https://serviceusage.googleapis.com/v1/projects/playstore-e4a65/services/cloudfunctions.googleapis.com [none]
[debug] [2025-06-02T01:27:51.017Z] >>> [apiv2][(partial)header] GET https://serviceusage.googleapis.com/v1/projects/playstore-e4a65/services/cloudfunctions.googleapis.com x-goog-quota-user=projects/playstore-e4a65
[debug] [2025-06-02T01:27:51.019Z] >>> [apiv2][query] GET https://serviceusage.googleapis.com/v1/projects/playstore-e4a65/services/runtimeconfig.googleapis.com [none]
[debug] [2025-06-02T01:27:51.019Z] >>> [apiv2][(partial)header] GET https://serviceusage.googleapis.com/v1/projects/playstore-e4a65/services/runtimeconfig.googleapis.com x-goog-quota-user=projects/playstore-e4a65
[debug] [2025-06-02T01:27:51.022Z] >>> [apiv2][query] GET https://serviceusage.googleapis.com/v1/projects/playstore-e4a65/services/cloudbuild.googleapis.com [none]
[debug] [2025-06-02T01:27:51.022Z] >>> [apiv2][(partial)header] GET https://serviceusage.googleapis.com/v1/projects/playstore-e4a65/services/cloudbuild.googleapis.com x-goog-quota-user=projects/playstore-e4a65
[debug] [2025-06-02T01:27:51.024Z] >>> [apiv2][query] GET https://serviceusage.googleapis.com/v1/projects/playstore-e4a65/services/artifactregistry.googleapis.com [none]
[debug] [2025-06-02T01:27:51.024Z] >>> [apiv2][(partial)header] GET https://serviceusage.googleapis.com/v1/projects/playstore-e4a65/services/artifactregistry.googleapis.com x-goog-quota-user=projects/playstore-e4a65
[debug] [2025-06-02T01:27:51.823Z] <<< [apiv2][status] GET https://serviceusage.googleapis.com/v1/projects/playstore-e4a65/services/cloudfunctions.googleapis.com 200
[debug] [2025-06-02T01:27:51.823Z] <<< [apiv2][body] GET https://serviceusage.googleapis.com/v1/projects/playstore-e4a65/services/cloudfunctions.googleapis.com [omitted]
[info] ✔  functions: required API cloudfunctions.googleapis.com is enabled 
[debug] [2025-06-02T01:27:51.894Z] <<< [apiv2][status] GET https://serviceusage.googleapis.com/v1/projects/playstore-e4a65/services/runtimeconfig.googleapis.com 200
[debug] [2025-06-02T01:27:51.894Z] <<< [apiv2][body] GET https://serviceusage.googleapis.com/v1/projects/playstore-e4a65/services/runtimeconfig.googleapis.com [omitted]
[debug] [2025-06-02T01:27:51.895Z] <<< [apiv2][status] GET https://serviceusage.googleapis.com/v1/projects/playstore-e4a65/services/cloudbuild.googleapis.com 200
[debug] [2025-06-02T01:27:51.896Z] <<< [apiv2][body] GET https://serviceusage.googleapis.com/v1/projects/playstore-e4a65/services/cloudbuild.googleapis.com [omitted]
[info] ✔  functions: required API cloudbuild.googleapis.com is enabled 
[debug] [2025-06-02T01:27:51.906Z] <<< [apiv2][status] GET https://serviceusage.googleapis.com/v1/projects/playstore-e4a65/services/artifactregistry.googleapis.com 200
[debug] [2025-06-02T01:27:51.907Z] <<< [apiv2][body] GET https://serviceusage.googleapis.com/v1/projects/playstore-e4a65/services/artifactregistry.googleapis.com [omitted]
[info] ✔  artifactregistry: required API artifactregistry.googleapis.com is enabled 
[debug] [2025-06-02T01:27:51.908Z] Checked if tokens are valid: true, expires at: 1748829350587
[debug] [2025-06-02T01:27:51.908Z] Checked if tokens are valid: true, expires at: 1748829350587
[debug] [2025-06-02T01:27:51.909Z] >>> [apiv2][query] GET https://firebase.googleapis.com/v1beta1/projects/playstore-e4a65/adminSdkConfig [none]
[debug] [2025-06-02T01:27:52.260Z] <<< [apiv2][status] GET https://firebase.googleapis.com/v1beta1/projects/playstore-e4a65/adminSdkConfig 200
[debug] [2025-06-02T01:27:52.260Z] <<< [apiv2][body] GET https://firebase.googleapis.com/v1beta1/projects/playstore-e4a65/adminSdkConfig {"projectId":"playstore-e4a65","storageBucket":"playstore-e4a65.firebasestorage.app"}
[debug] [2025-06-02T01:27:52.261Z] Checked if tokens are valid: true, expires at: 1748829350587
[debug] [2025-06-02T01:27:52.261Z] Checked if tokens are valid: true, expires at: 1748829350587
[debug] [2025-06-02T01:27:52.261Z] >>> [apiv2][query] GET https://runtimeconfig.googleapis.com/v1beta1/projects/playstore-e4a65/configs [none]
